<?xml version="1.0" encoding="UTF-8"?>
<testsuite name="wanted.backend.board.service.UserServiceTest" tests="3" skipped="0" failures="0" errors="0" timestamp="2023-08-11T07:13:10" hostname="yunjuhoui-MacBookAir.local" time="0.488">
  <properties/>
  <testcase name="비밀번호는 암호화하여 저장되어야 한다" classname="wanted.backend.board.service.UserServiceTest" time="0.169"/>
  <testcase name="가입되어있지 않은 사용자가 로그인 시 예외 발생" classname="wanted.backend.board.service.UserServiceTest" time="0.234"/>
  <testcase name="회원가입시 중복된 회원이 있을경우 예외 발생" classname="wanted.backend.board.service.UserServiceTest" time="0.084"/>
  <system-out><![CDATA[2023-08-11T16:13:10.004+09:00  INFO 91841 --- [    Test worker] t.c.s.AnnotationConfigContextLoaderUtils : Could not detect default configuration classes for test class [wanted.backend.board.service.UserServiceTest]: UserServiceTest does not declare any static, non-private, non-final, nested classes annotated with @Configuration.
2023-08-11T16:13:10.004+09:00  INFO 91841 --- [    Test worker] .b.t.c.SpringBootTestContextBootstrapper : Found @SpringBootConfiguration wanted.backend.board.BoardApplication for test class wanted.backend.board.service.UserServiceTest
Hibernate: 
    select
        u1_0.id,
        u1_0.authority,
        u1_0.email,
        u1_0.password 
    from
        User u1_0 
    where
        u1_0.email=?
Hibernate: 
    insert 
    into
        User
        (authority, email, password) 
    values
        (?, ?, ?)
Hibernate: 
    select
        u1_0.id,
        u1_0.authority,
        u1_0.email,
        u1_0.password 
    from
        User u1_0 
    where
        u1_0.email=?
Hibernate: 
    select
        u1_0.id,
        u1_0.authority,
        u1_0.email,
        u1_0.password 
    from
        User u1_0 
    where
        u1_0.email=?
Hibernate: 
    insert 
    into
        User
        (authority, email, password) 
    values
        (?, ?, ?)
Hibernate: 
    select
        u1_0.id,
        u1_0.authority,
        u1_0.email,
        u1_0.password 
    from
        User u1_0 
    where
        u1_0.email=?
Hibernate: 
    select
        u1_0.id,
        u1_0.authority,
        u1_0.email,
        u1_0.password 
    from
        User u1_0 
    where
        u1_0.email=?
Hibernate: 
    insert 
    into
        User
        (authority, email, password) 
    values
        (?, ?, ?)
Hibernate: 
    select
        u1_0.id,
        u1_0.authority,
        u1_0.email,
        u1_0.password 
    from
        User u1_0 
    where
        u1_0.email=?
]]></system-out>
  <system-err><![CDATA[]]></system-err>
</testsuite>
