<?xml version="1.0" encoding="UTF-8"?>
<testsuite name="wanted.backend.board.BoardApplicationTests" tests="1" skipped="0" failures="0" errors="0" timestamp="2023-08-11T07:13:09" hostname="yunjuhoui-MacBookAir.local" time="0.072">
  <properties/>
  <testcase name="contextLoads()" classname="wanted.backend.board.BoardApplicationTests" time="0.072"/>
  <system-out><![CDATA[16:13:07.449 [Test worker] DEBUG org.springframework.boot.test.context.SpringBootTestContextBootstrapper -- Neither @ContextConfiguration nor @ContextHierarchy found for test class [BoardApplicationTests]: using SpringBootContextLoader
16:13:07.453 [Test worker] DEBUG org.springframework.test.context.support.AbstractContextLoader -- Could not detect default resource locations for test class [wanted.backend.board.BoardApplicationTests]: no resource found for suffixes {-context.xml, Context.groovy}.
16:13:07.454 [Test worker] INFO org.springframework.test.context.support.AnnotationConfigContextLoaderUtils -- Could not detect default configuration classes for test class [wanted.backend.board.BoardApplicationTests]: BoardApplicationTests does not declare any static, non-private, non-final, nested classes annotated with @Configuration.
16:13:07.464 [Test worker] DEBUG org.springframework.boot.test.context.SpringBootTestContextBootstrapper -- Using ContextCustomizers for test class [BoardApplicationTests]: [DisableObservabilityContextCustomizer, PropertyMappingContextCustomizer, Customizer, ExcludeFilterContextCustomizer, DuplicateJsonObjectContextCustomizer, MockitoContextCustomizer, TestRestTemplateContextCustomizer]
16:13:07.494 [Test worker] DEBUG org.springframework.context.annotation.ClassPathScanningCandidateComponentProvider -- Identified candidate component class: file [/Users/yoonjuho/wanted-pre-onboarding-backend/board/build/classes/java/main/wanted/backend/board/BoardApplication.class]
16:13:07.495 [Test worker] INFO org.springframework.boot.test.context.SpringBootTestContextBootstrapper -- Found @SpringBootConfiguration wanted.backend.board.BoardApplication for test class wanted.backend.board.BoardApplicationTests
16:13:07.539 [Test worker] DEBUG org.springframework.test.context.util.TestContextSpringFactoriesUtils -- Skipping candidate TestExecutionListener [org.springframework.test.context.observation.MicrometerObservationRegistryTestExecutionListener] due to a missing dependency. Specify custom TestExecutionListener classes or make the default TestExecutionListener classes and their required dependencies available. Offending class: io.micrometer.context.ThreadLocalAccessor. MicrometerObservationRegistryTestExecutionListener requires io.micrometer:micrometer-observation:1.10.8 or higher and io.micrometer:context-propagation:1.0.3 or higher.
16:13:07.542 [Test worker] DEBUG org.springframework.boot.test.context.SpringBootTestContextBootstrapper -- Using TestExecutionListeners for test class [BoardApplicationTests]: [ServletTestExecutionListener, DirtiesContextBeforeModesTestExecutionListener, ApplicationEventsTestExecutionListener, MockitoTestExecutionListener, DependencyInjectionTestExecutionListener, DirtiesContextTestExecutionListener, TransactionalTestExecutionListener, SqlScriptsTestExecutionListener, WithSecurityContextTestExecutionListener, EventPublishingTestExecutionListener, ReactorContextTestExecutionListener, RestDocsTestExecutionListener, MockRestServiceServerResetTestExecutionListener, MockMvcPrintOnlyOnFailureTestExecutionListener, WebDriverTestExecutionListener, MockWebServiceServerTestExecutionListener, ResetMocksTestExecutionListener]
16:13:07.543 [Test worker] DEBUG org.springframework.test.context.support.DirtiesContextBeforeModesTestExecutionListener -- Before test class: class [BoardApplicationTests], class annotated with @DirtiesContext [false] with mode [null]

  .   ____          _            __ _ _
 /\\ / ___'_ __ _ _(_)_ __  __ _ \ \ \ \
( ( )\___ | '_ | '_| | '_ \/ _` | \ \ \ \
 \\/  ___)| |_)| | | | | || (_| |  ) ) ) )
  '  |____| .__|_| |_|_| |_\__, | / / / /
 =========|_|==============|___/=/_/_/_/
 :: Spring Boot ::                (v3.0.9)

2023-08-11T16:13:07.675+09:00  INFO 91841 --- [    Test worker] w.backend.board.BoardApplicationTests    : Starting BoardApplicationTests using Java 17.0.2 with PID 91841 (started by yoonjuho in /Users/yoonjuho/wanted-pre-onboarding-backend/board)
2023-08-11T16:13:07.675+09:00  INFO 91841 --- [    Test worker] w.backend.board.BoardApplicationTests    : No active profile set, falling back to 1 default profile: "default"
2023-08-11T16:13:07.688+09:00 DEBUG 91841 --- [    Test worker] o.s.w.c.s.GenericWebApplicationContext   : Refreshing org.springframework.web.context.support.GenericWebApplicationContext@468be356
2023-08-11T16:13:07.940+09:00  INFO 91841 --- [    Test worker] .s.d.r.c.RepositoryConfigurationDelegate : Bootstrapping Spring Data JPA repositories in DEFAULT mode.
2023-08-11T16:13:07.967+09:00  INFO 91841 --- [    Test worker] .s.d.r.c.RepositoryConfigurationDelegate : Finished Spring Data repository scanning in 23 ms. Found 2 JPA repository interfaces.
2023-08-11T16:13:08.170+09:00  INFO 91841 --- [    Test worker] o.hibernate.jpa.internal.util.LogHelper  : HHH000204: Processing PersistenceUnitInfo [name: default]
2023-08-11T16:13:08.186+09:00  INFO 91841 --- [    Test worker] org.hibernate.Version                    : HHH000412: Hibernate ORM core version 6.1.7.Final
2023-08-11T16:13:08.294+09:00  INFO 91841 --- [    Test worker] com.zaxxer.hikari.HikariDataSource       : HikariPool-1 - Starting...
2023-08-11T16:13:08.395+09:00  INFO 91841 --- [    Test worker] com.zaxxer.hikari.pool.HikariPool        : HikariPool-1 - Added connection com.mysql.cj.jdbc.ConnectionImpl@22ff1372
2023-08-11T16:13:08.396+09:00  INFO 91841 --- [    Test worker] com.zaxxer.hikari.HikariDataSource       : HikariPool-1 - Start completed.
2023-08-11T16:13:08.405+09:00  INFO 91841 --- [    Test worker] SQL dialect                              : HHH000400: Using dialect: org.hibernate.dialect.MySQL8Dialect
2023-08-11T16:13:08.408+09:00  WARN 91841 --- [    Test worker] org.hibernate.orm.deprecation            : HHH90000026: MySQL8Dialect has been deprecated; use org.hibernate.dialect.MySQLDialect instead
2023-08-11T16:13:08.770+09:00  INFO 91841 --- [    Test worker] o.h.e.t.j.p.i.JtaPlatformInitiator       : HHH000490: Using JtaPlatform implementation: [org.hibernate.engine.transaction.jta.platform.internal.NoJtaPlatform]
2023-08-11T16:13:08.773+09:00  INFO 91841 --- [    Test worker] j.LocalContainerEntityManagerFactoryBean : Initialized JPA EntityManagerFactory for persistence unit 'default'
2023-08-11T16:13:08.974+09:00  WARN 91841 --- [    Test worker] JpaBaseConfiguration$JpaWebConfiguration : spring.jpa.open-in-view is enabled by default. Therefore, database queries may be performed during view rendering. Explicitly configure spring.jpa.open-in-view to disable this warning
2023-08-11T16:13:09.048+09:00  INFO 91841 --- [    Test worker] o.s.s.web.DefaultSecurityFilterChain     : Will secure any request with [org.springframework.security.web.session.DisableEncodeUrlFilter@9d7a853, org.springframework.security.web.context.request.async.WebAsyncManagerIntegrationFilter@71c69628, org.springframework.security.web.context.SecurityContextHolderFilter@6bfc5296, org.springframework.security.web.header.HeaderWriterFilter@345af277, org.springframework.security.web.authentication.logout.LogoutFilter@4b2af0eb, wanted.backend.board.jwt.JwtFilter@4dc16fc9, org.springframework.security.web.savedrequest.RequestCacheAwareFilter@457d3f54, org.springframework.security.web.servletapi.SecurityContextHolderAwareRequestFilter@144792d5, org.springframework.security.web.authentication.AnonymousAuthenticationFilter@1028a747, org.springframework.security.web.session.SessionManagementFilter@3a720ae3, org.springframework.security.web.access.ExceptionTranslationFilter@2e2c9e24, org.springframework.security.web.access.intercept.AuthorizationFilter@75b25ec3]
2023-08-11T16:13:09.172+09:00 DEBUG 91841 --- [    Test worker] s.w.s.m.m.a.RequestMappingHandlerAdapter : ControllerAdvice beans: 0 @ModelAttribute, 0 @InitBinder, 1 RequestBodyAdvice, 1 ResponseBodyAdvice
2023-08-11T16:13:09.212+09:00 DEBUG 91841 --- [    Test worker] s.w.s.m.m.a.RequestMappingHandlerMapping : 9 mappings in 'requestMappingHandlerMapping'
2023-08-11T16:13:09.229+09:00 DEBUG 91841 --- [    Test worker] o.s.w.s.handler.SimpleUrlHandlerMapping  : Patterns [/webjars/**, /**] in 'resourceHandlerMapping'
2023-08-11T16:13:09.234+09:00 DEBUG 91841 --- [    Test worker] .m.m.a.ExceptionHandlerExceptionResolver : ControllerAdvice beans: 0 @ExceptionHandler, 1 ResponseBodyAdvice
2023-08-11T16:13:09.278+09:00  INFO 91841 --- [    Test worker] w.backend.board.BoardApplicationTests    : Started BoardApplicationTests in 1.718 seconds (process running for 2.207)
]]></system-out>
  <system-err><![CDATA[]]></system-err>
</testsuite>
